<?xml version="1.0" encoding="UTF-8"?>
<!-- Generated by org.testng.reporters.JUnitReportReporter -->
<testsuite hostname="Mac.local" failures="0" tests="13" name="tests.marketsPageTests.AllPageFirefoxTests" time="261.348" errors="1" timestamp="2023-05-25T12:54:15 EEST" skipped="0">
  <testcase classname="tests.marketsPageTests.AllPageFirefoxTests" name="allHeaderMarketsPage" time="19.926"/>
  <system-out/>
  <testcase classname="tests.marketsPageTests.AllPageFirefoxTests" name="companyNavMarketsPage" time="20.519"/>
  <system-out/>
  <testcase classname="tests.marketsPageTests.AllPageFirefoxTests" name="marketsTitleMarketsPage" time="21.439"/>
  <system-out/>
  <testcase classname="tests.marketsPageTests.AllPageFirefoxTests" name="profileNavMarketsPage" time="24.430"/>
  <system-out/>
  <testcase classname="tests.marketsPageTests.AllPageFirefoxTests" name="allFooterMarketsPage" time="13.328"/>
  <system-out/>
  <testcase classname="tests.marketsPageTests.AllPageFirefoxTests" name="marketsFilterMarketsPage" time="21.264"/>
  <system-out/>
  <testcase classname="tests.marketsPageTests.AllPageFirefoxTests" name="productsNavMarketsPage" time="20.134"/>
  <system-out/>
  <testcase classname="tests.marketsPageTests.AllPageFirefoxTests" name="tradeNavMarketsPage" time="13.935">
    <error message="Expected condition failed: waiting for visibility of [[FirefoxDriver: firefox on MAC (73390eb2-3ce5-4765-85de-198a6f9f2836)] -&gt; xpath: //a[@data-test-id=&#039;header login&#039;]] (tried for 6 second(s) with 500 milliseconds interval)
Build info: version: &#039;4.4.0&#039;, revision: &#039;e5c75ed026a&#039;
System info: host: &#039;Mac.local&#039;, ip: &#039;fe80:0:0:0:1004:16b0:5c5e:8139%en0&#039;, os.name: &#039;Mac OS X&#039;, os.arch: &#039;aarch64&#039;, os.version: &#039;13.4&#039;, java.version: &#039;11.0.19&#039;
Driver info: org.openqa.selenium.firefox.FirefoxDriver
Capabilities {acceptInsecureCerts: true, browserName: firefox, browserVersion: 113.0.2, moz:accessibilityChecks: false, moz:buildID: 20230522134052, moz:debuggerAddress: 127.0.0.1:59713, moz:geckodriverVersion: 0.33.0, moz:headless: false, moz:platformVersion: 22.5.0, moz:processID: 49801, moz:profile: /var/folders/bc/lw3rjsjs5c9..., moz:shutdownTimeout: 60000, moz:useNonSpecCompliantPointerOrigin: false, moz:webdriverClick: true, moz:windowless: false, pageLoadStrategy: normal, platformName: MAC, proxy: Proxy(), se:cdp: ws://127.0.0.1:59713/devtoo..., se:cdpVersion: 85.0, setWindowRect: true, strictFileInteractability: false, timeouts: {implicit: 0, pageLoad: 300000, script: 30000}, unhandledPromptBehavior: dismiss and notify}
Session ID: 73390eb2-3ce5-4765-85de-198a6f9f2836" type="org.openqa.selenium.TimeoutException">
      <![CDATA[org.openqa.selenium.TimeoutException: Expected condition failed: waiting for visibility of [[FirefoxDriver: firefox on MAC (73390eb2-3ce5-4765-85de-198a6f9f2836)] -> xpath: //a[@data-test-id='header login']] (tried for 6 second(s) with 500 milliseconds interval)
Build info: version: '4.4.0', revision: 'e5c75ed026a'
System info: host: 'Mac.local', ip: 'fe80:0:0:0:1004:16b0:5c5e:8139%en0', os.name: 'Mac OS X', os.arch: 'aarch64', os.version: '13.4', java.version: '11.0.19'
Driver info: org.openqa.selenium.firefox.FirefoxDriver
Capabilities {acceptInsecureCerts: true, browserName: firefox, browserVersion: 113.0.2, moz:accessibilityChecks: false, moz:buildID: 20230522134052, moz:debuggerAddress: 127.0.0.1:59713, moz:geckodriverVersion: 0.33.0, moz:headless: false, moz:platformVersion: 22.5.0, moz:processID: 49801, moz:profile: /var/folders/bc/lw3rjsjs5c9..., moz:shutdownTimeout: 60000, moz:useNonSpecCompliantPointerOrigin: false, moz:webdriverClick: true, moz:windowless: false, pageLoadStrategy: normal, platformName: MAC, proxy: Proxy(), se:cdp: ws://127.0.0.1:59713/devtoo..., se:cdpVersion: 85.0, setWindowRect: true, strictFileInteractability: false, timeouts: {implicit: 0, pageLoad: 300000, script: 30000}, unhandledPromptBehavior: dismiss and notify}
Session ID: 73390eb2-3ce5-4765-85de-198a6f9f2836
at org.openqa.selenium.support.ui.WebDriverWait.timeoutException(WebDriverWait.java:87)
at org.openqa.selenium.support.ui.FluentWait.until(FluentWait.java:231)
at pages.base.Action.waitElementIsVisible(Action.java:41)
at tests.marketsPageTests.AllPageFirefoxTests.tradeNavMarketsPage(AllPageFirefoxTests.java:36)
at java.base/jdk.internal.reflect.NativeMethodAccessorImpl.invoke0(Native Method)
at java.base/jdk.internal.reflect.NativeMethodAccessorImpl.invoke(NativeMethodAccessorImpl.java:62)
at java.base/jdk.internal.reflect.DelegatingMethodAccessorImpl.invoke(DelegatingMethodAccessorImpl.java:43)
at java.base/java.lang.reflect.Method.invoke(Method.java:566)
at org.testng.internal.invokers.MethodInvocationHelper.invokeMethod(MethodInvocationHelper.java:135)
at org.testng.internal.invokers.TestInvoker.invokeMethod(TestInvoker.java:673)
at org.testng.internal.invokers.TestInvoker.invokeTestMethod(TestInvoker.java:220)
at org.testng.internal.invokers.MethodRunner.runInSequence(MethodRunner.java:50)
at org.testng.internal.invokers.TestInvoker$MethodInvocationAgent.invoke(TestInvoker.java:945)
at org.testng.internal.invokers.TestInvoker.invokeTestMethods(TestInvoker.java:193)
at org.testng.internal.invokers.TestMethodWorker.invokeTestMethods(TestMethodWorker.java:146)
at org.testng.internal.invokers.TestMethodWorker.run(TestMethodWorker.java:128)
at java.base/java.util.ArrayList.forEach(ArrayList.java:1541)
at org.testng.TestRunner.privateRun(TestRunner.java:808)
at org.testng.TestRunner.run(TestRunner.java:603)
at org.testng.SuiteRunner.runTest(SuiteRunner.java:429)
at org.testng.SuiteRunner.runSequentially(SuiteRunner.java:423)
at org.testng.SuiteRunner.privateRun(SuiteRunner.java:383)
at org.testng.SuiteRunner.run(SuiteRunner.java:326)
at org.testng.SuiteRunnerWorker.runSuite(SuiteRunnerWorker.java:52)
at org.testng.SuiteRunnerWorker.run(SuiteRunnerWorker.java:95)
at org.testng.TestNG.runSuitesSequentially(TestNG.java:1249)
at org.testng.TestNG.runSuitesLocally(TestNG.java:1169)
at org.testng.TestNG.runSuites(TestNG.java:1092)
at org.testng.TestNG.run(TestNG.java:1060)
at com.intellij.rt.testng.IDEARemoteTestNG.run(IDEARemoteTestNG.java:66)
at com.intellij.rt.testng.RemoteTestNGStarter.main(RemoteTestNGStarter.java:105)
]]>
    </error>
  </testcase> <!-- tradeNavMarketsPage -->
  <system-out/>
  <testcase classname="tests.marketsPageTests.AllPageFirefoxTests" name="langFooterMarketsPageDropDownPart1" time="21.160"/>
  <system-out/>
  <testcase classname="tests.marketsPageTests.AllPageFirefoxTests" name="tableHeadMarketsPage" time="20.829"/>
  <system-out/>
  <testcase classname="tests.marketsPageTests.AllPageFirefoxTests" name="marketNavMarketsPage" time="22.372"/>
  <system-out/>
  <testcase classname="tests.marketsPageTests.AllPageFirefoxTests" name="langFooterMarketsPageDropDownPart2" time="21.145"/>
  <system-out/>
  <testcase classname="tests.marketsPageTests.AllPageFirefoxTests" name="filterListMarketsPage" time="20.867"/>
  <system-out/>
</testsuite> <!-- tests.marketsPageTests.AllPageFirefoxTests -->
