<!DOCTYPE html PUBLIC "-//W3C//DTD XHTML 1.1//EN" "https://www.w3.org/TR/xhtml11/DTD/xhtml11.dtd">
<html xmlns="https://www.w3.org/1999/xhtml">
<head>
<meta http-equiv="content-type" content="text/html; charset=UTF-8"/>
<title>TestNG Report</title>
<style type="text/css">table {margin-bottom:10px;border-collapse:collapse;empty-cells:show}th,td {border:1px solid #009;padding:.25em .5em}th {vertical-align:bottom}td {vertical-align:top}table a {font-weight:bold}.stripe td {background-color: #E6EBF9}.num {text-align:right}.passedodd td {background-color: #3F3}.passedeven td {background-color: #0A0}.skippedodd td {background-color: #DDD}.skippedeven td {background-color: #CCC}.failedodd td,.attn {background-color: #F33}.failedeven td,.stripe .attn {background-color: #D00}.stacktrace {white-space:pre;font-family:monospace}.totop {font-size:85%;text-align:center;border-bottom:2px solid #000}.invisible {display:none}</style>
</head>
<body>
<table>
<tr><th>Test</th><th># Passed</th><th># Skipped</th><th># Retried</th><th># Failed</th><th>Time (ms)</th><th>Included Groups</th><th>Excluded Groups</th></tr>
<tr><th colspan="8">WPT</th></tr>
<tr><td><a href="#t0">Dex-Trade - Pixel perfect regression</a></td><td class="num">17</td><td class="num">0</td><td class="num">0</td><td class="num attn">10</td><td class="num">382,669</td><td></td><td></td></tr>
</table>
<table id='summary'><thead><tr><th>Class</th><th>Method</th><th>Start</th><th>Time (ms)</th></tr></thead><tbody><tr><th colspan="4">WPT</th></tr></tbody><tbody id="t0"><tr><th colspan="4">Dex-Trade - Pixel perfect regression &#8212; failed</th></tr><tr class="failedeven"><td rowspan="10">tests.demoTradingPageTest.AllPageFirefoxTests</td><td><a href="#m0">chatTextAreaDemoPage</a></td><td rowspan="1">1685259568869</td><td rowspan="1">17427</td></tr><tr class="failedeven"><td><a href="#m1">demoTradeInfoDemoPage</a></td><td rowspan="1">1685259664897</td><td rowspan="1">9699</td></tr><tr class="failedeven"><td><a href="#m2">demoTradeMarketsDemoPage</a></td><td rowspan="1">1685259684205</td><td rowspan="1">9478</td></tr><tr class="failedeven"><td><a href="#m3">demoTradeMarketsTableDemoPage</a></td><td rowspan="1">1685259693684</td><td rowspan="1">9390</td></tr><tr class="failedeven"><td><a href="#m4">getAppDemoPage</a></td><td rowspan="1">1685259741843</td><td rowspan="1">10682</td></tr><tr class="failedeven"><td><a href="#m5">getAppPhoneDemoPage</a></td><td rowspan="1">1685259752526</td><td rowspan="1">19911</td></tr><tr class="failedeven"><td><a href="#m6">helpCrunchDemoPage</a></td><td rowspan="1">1685259772438</td><td rowspan="1">19808</td></tr><tr class="failedeven"><td><a href="#m7">helpCrunchKnowledgeBaseDemoPage</a></td><td rowspan="1">1685259792249</td><td rowspan="1">16923</td></tr><tr class="failedeven"><td><a href="#m8">helpCrunchStartConversationDemoPage</a></td><td rowspan="1">1685259809174</td><td rowspan="1">17447</td></tr><tr class="failedeven"><td><a href="#m9">tradeNavDemoPage</a></td><td rowspan="1">1685259878545</td><td rowspan="1">12117</td></tr><tr><th colspan="4">Dex-Trade - Pixel perfect regression &#8212; passed</th></tr><tr class="passedeven"><td rowspan="17">tests.demoTradingPageTest.AllPageFirefoxTests</td><td><a href="#m10">allFooterBottomDemoPage</a></td><td rowspan="1">1685259508028</td><td rowspan="1">11480</td></tr><tr class="passedeven"><td><a href="#m11">allFooterDemoPage</a></td><td rowspan="1">1685259519517</td><td rowspan="1">9737</td></tr><tr class="passedeven"><td><a href="#m12">allFooterTopDemoPage</a></td><td rowspan="1">1685259529257</td><td rowspan="1">9616</td></tr><tr class="passedeven"><td><a href="#m13">allHeaderDemoPage</a></td><td rowspan="1">1685259538875</td><td rowspan="1">19575</td></tr><tr class="passedeven"><td><a href="#m14">chatSendMessageDemoPage</a></td><td rowspan="1">1685259558452</td><td rowspan="1">10414</td></tr><tr class="passedeven"><td><a href="#m15">companyNavDemoPage</a></td><td rowspan="1">1685259586300</td><td rowspan="1">19702</td></tr><tr class="passedeven"><td><a href="#m16">demoContainerBottomDemoPage</a></td><td rowspan="1">1685259606005</td><td rowspan="1">9599</td></tr><tr class="passedeven"><td><a href="#m17">demoContainerDemoPage</a></td><td rowspan="1">1685259615605</td><td rowspan="1">9737</td></tr><tr class="passedeven"><td><a href="#m18">demoContainerTopDemoPage</a></td><td rowspan="1">1685259625345</td><td rowspan="1">9593</td></tr><tr class="passedeven"><td><a href="#m19">demoTradeFaqDemoPage</a></td><td rowspan="1">1685259634939</td><td rowspan="1">20316</td></tr><tr class="passedeven"><td><a href="#m20">demoTradeInfoBottomDemoPage</a></td><td rowspan="1">1685259655257</td><td rowspan="1">9639</td></tr><tr class="passedeven"><td><a href="#m21">demoTradeInfoTopDemoPage</a></td><td rowspan="1">1685259674597</td><td rowspan="1">9607</td></tr><tr class="passedeven"><td><a href="#m22">demoTradeMarketsTableFiltersDemoPage</a></td><td rowspan="1">1685259703075</td><td rowspan="1">9530</td></tr><tr class="passedeven"><td><a href="#m23">demoTradeMarketsTitleDemoPage</a></td><td rowspan="1">1685259712606</td><td rowspan="1">9525</td></tr><tr class="passedeven"><td><a href="#m24">getAppContainerDemoPage</a></td><td rowspan="1">1685259722132</td><td rowspan="1">19710</td></tr><tr class="passedeven"><td><a href="#m25">productsNavDemoPage</a></td><td rowspan="1">1685259826623</td><td rowspan="1">19714</td></tr><tr class="passedeven"><td><a href="#m26">profileNavDemoPage</a></td><td rowspan="1">1685259846338</td><td rowspan="1">32205</td></tr></tbody>
</table>
<h2>Dex-Trade - Pixel perfect regression</h2><h3 id="m0">tests.demoTradingPageTest.AllPageFirefoxTests#chatTextAreaDemoPage</h3><table class="result"><tr><th>Exception</th></tr><tr><td><div class="stacktrace">org.openqa.selenium.NoSuchElementException: Unable to locate element: //div[@class=&apos;hcw-start-screen-compact__item&apos;]
For documentation on this error, please visit: https://selenium.dev/exceptions/#no_such_element
Build info: version: &apos;4.9.1&apos;, revision: &apos;eb2032df7f&apos;
System info: os.name: &apos;Mac OS X&apos;, os.arch: &apos;aarch64&apos;, os.version: &apos;13.4&apos;, java.version: &apos;11.0.19&apos;
Driver info: org.openqa.selenium.firefox.FirefoxDriver
Command: [a81efc4b-0283-41f0-a652-f7de55ae7627, findElement {using=xpath, value=//div[@class=&apos;hcw-start-screen-compact__item&apos;]}]
Capabilities {acceptInsecureCerts: true, browserName: firefox, browserVersion: 113.0.2, moz:accessibilityChecks: false, moz:buildID: 20230522134052, moz:debuggerAddress: 127.0.0.1:15697, moz:geckodriverVersion: 0.33.0, moz:headless: false, moz:platformVersion: 22.5.0, moz:processID: 5663, moz:profile: /var/folders/bc/lw3rjsjs5c9..., moz:shutdownTimeout: 60000, moz:useNonSpecCompliantPointerOrigin: false, moz:webdriverClick: true, moz:windowless: false, pageLoadStrategy: normal, platformName: mac, proxy: Proxy(), se:cdp: ws://127.0.0.1:15697/devtoo..., se:cdpVersion: 85.0, setWindowRect: true, strictFileInteractability: false, timeouts: {implicit: 0, pageLoad: 300000, script: 30000}, unhandledPromptBehavior: dismiss and notify}
Session ID: a81efc4b-0283-41f0-a652-f7de55ae7627
	at org.openqa.selenium.remote.codec.w3c.W3CHttpResponseCodec.createException(W3CHttpResponseCodec.java:200)
	at org.openqa.selenium.remote.codec.w3c.W3CHttpResponseCodec.decode(W3CHttpResponseCodec.java:133)
	at org.openqa.selenium.remote.codec.w3c.W3CHttpResponseCodec.decode(W3CHttpResponseCodec.java:53)
	at org.openqa.selenium.remote.HttpCommandExecutor.execute(HttpCommandExecutor.java:193)
	at org.openqa.selenium.remote.service.DriverCommandExecutor.invokeExecute(DriverCommandExecutor.java:183)
	at org.openqa.selenium.remote.service.DriverCommandExecutor.execute(DriverCommandExecutor.java:158)
	at org.openqa.selenium.remote.RemoteWebDriver.execute(RemoteWebDriver.java:543)
	at org.openqa.selenium.remote.ElementLocation$ElementFinder$2.findElement(ElementLocation.java:162)
	at org.openqa.selenium.remote.ElementLocation.findElement(ElementLocation.java:60)
	at org.openqa.selenium.remote.RemoteWebDriver.findElement(RemoteWebDriver.java:352)
	at org.openqa.selenium.remote.RemoteWebDriver.findElement(RemoteWebDriver.java:344)
	at pages.base.Action.findElementByXpath(Action.java:30)
	at pages.base.Action.clickByXpath(Action.java:59)
	at tests.demoTradingPageTest.AllPageFirefoxTests.chatTextAreaDemoPage(AllPageFirefoxTests.java:506)
	at java.base/java.util.ArrayList.forEach(ArrayList.java:1541)
	at com.intellij.rt.testng.IDEARemoteTestNG.run(IDEARemoteTestNG.java:66)
	at com.intellij.rt.testng.RemoteTestNGStarter.main(RemoteTestNGStarter.java:105)
... Removed 28 stack frames</div></td></tr></table><p class="totop"><a href="#summary">back to summary</a></p>
<h3 id="m1">tests.demoTradingPageTest.AllPageFirefoxTests#demoTradeInfoDemoPage</h3><table class="result"><tr><th>Exception</th></tr><tr><td><div class="stacktrace">java.lang.AssertionError: *** Images are not similar *** expected [true] but found [false]
	at pages.pixel_perfect.PixelPerfect.byElement(PixelPerfect.java:107)
	at tests.demoTradingPageTest.AllPageFirefoxTests.demoTradeInfoDemoPage(AllPageFirefoxTests.java:182)
	at java.base/java.util.ArrayList.forEach(ArrayList.java:1541)
	at com.intellij.rt.testng.IDEARemoteTestNG.run(IDEARemoteTestNG.java:66)
	at com.intellij.rt.testng.RemoteTestNGStarter.main(RemoteTestNGStarter.java:105)
... Removed 27 stack frames</div></td></tr></table><p class="totop"><a href="#summary">back to summary</a></p>
<h3 id="m2">tests.demoTradingPageTest.AllPageFirefoxTests#demoTradeMarketsDemoPage</h3><table class="result"><tr><th>Exception</th></tr><tr><td><div class="stacktrace">java.lang.AssertionError: *** Images are not similar *** expected [true] but found [false]
	at pages.pixel_perfect.PixelPerfect.byElement(PixelPerfect.java:107)
	at tests.demoTradingPageTest.AllPageFirefoxTests.demoTradeMarketsDemoPage(AllPageFirefoxTests.java:242)
	at java.base/java.util.ArrayList.forEach(ArrayList.java:1541)
	at com.intellij.rt.testng.IDEARemoteTestNG.run(IDEARemoteTestNG.java:66)
	at com.intellij.rt.testng.RemoteTestNGStarter.main(RemoteTestNGStarter.java:105)
... Removed 27 stack frames</div></td></tr></table><p class="totop"><a href="#summary">back to summary</a></p>
<h3 id="m3">tests.demoTradingPageTest.AllPageFirefoxTests#demoTradeMarketsTableDemoPage</h3><table class="result"><tr><th>Exception</th></tr><tr><td><div class="stacktrace">java.lang.AssertionError: *** Images are not similar *** expected [true] but found [false]
	at pages.pixel_perfect.PixelPerfect.byElement(PixelPerfect.java:107)
	at tests.demoTradingPageTest.AllPageFirefoxTests.demoTradeMarketsTableDemoPage(AllPageFirefoxTests.java:282)
	at java.base/java.util.ArrayList.forEach(ArrayList.java:1541)
	at com.intellij.rt.testng.IDEARemoteTestNG.run(IDEARemoteTestNG.java:66)
	at com.intellij.rt.testng.RemoteTestNGStarter.main(RemoteTestNGStarter.java:105)
... Removed 27 stack frames</div></td></tr></table><p class="totop"><a href="#summary">back to summary</a></p>
<h3 id="m4">tests.demoTradingPageTest.AllPageFirefoxTests#getAppDemoPage</h3><table class="result"><tr><th>Exception</th></tr><tr><td><div class="stacktrace">java.lang.AssertionError: *** Images are not similar *** expected [true] but found [false]
	at pages.pixel_perfect.PixelPerfect.byElement(PixelPerfect.java:107)
	at tests.demoTradingPageTest.AllPageFirefoxTests.getAppDemoPage(AllPageFirefoxTests.java:342)
	at java.base/java.util.ArrayList.forEach(ArrayList.java:1541)
	at com.intellij.rt.testng.IDEARemoteTestNG.run(IDEARemoteTestNG.java:66)
	at com.intellij.rt.testng.RemoteTestNGStarter.main(RemoteTestNGStarter.java:105)
... Removed 27 stack frames</div></td></tr></table><p class="totop"><a href="#summary">back to summary</a></p>
<h3 id="m5">tests.demoTradingPageTest.AllPageFirefoxTests#getAppPhoneDemoPage</h3><table class="result"><tr><th>Exception</th></tr><tr><td><div class="stacktrace">java.lang.AssertionError: *** Images are not similar *** expected [true] but found [false]
	at pages.pixel_perfect.PixelPerfect.byElement(PixelPerfect.java:107)
	at tests.demoTradingPageTest.AllPageFirefoxTests.getAppPhoneDemoPage(AllPageFirefoxTests.java:382)
	at java.base/java.util.ArrayList.forEach(ArrayList.java:1541)
	at com.intellij.rt.testng.IDEARemoteTestNG.run(IDEARemoteTestNG.java:66)
	at com.intellij.rt.testng.RemoteTestNGStarter.main(RemoteTestNGStarter.java:105)
... Removed 27 stack frames</div></td></tr></table><p class="totop"><a href="#summary">back to summary</a></p>
<h3 id="m6">tests.demoTradingPageTest.AllPageFirefoxTests#helpCrunchDemoPage</h3><table class="result"><tr><th>Exception</th></tr><tr><td><div class="stacktrace">org.openqa.selenium.NoSuchElementException: Unable to locate element: //div[@class=&apos;hcw-chat helpcrunch-state-start-screen helpcrunch-chat-position-right hcw-widget-layout-1&apos;]
For documentation on this error, please visit: https://selenium.dev/exceptions/#no_such_element
Build info: version: &apos;4.9.1&apos;, revision: &apos;eb2032df7f&apos;
System info: os.name: &apos;Mac OS X&apos;, os.arch: &apos;aarch64&apos;, os.version: &apos;13.4&apos;, java.version: &apos;11.0.19&apos;
Driver info: org.openqa.selenium.firefox.FirefoxDriver
Command: [a81efc4b-0283-41f0-a652-f7de55ae7627, findElement {using=xpath, value=//div[@class=&apos;hcw-chat helpcrunch-state-start-screen helpcrunch-chat-position-right hcw-widget-layout-1&apos;]}]
Capabilities {acceptInsecureCerts: true, browserName: firefox, browserVersion: 113.0.2, moz:accessibilityChecks: false, moz:buildID: 20230522134052, moz:debuggerAddress: 127.0.0.1:15697, moz:geckodriverVersion: 0.33.0, moz:headless: false, moz:platformVersion: 22.5.0, moz:processID: 5663, moz:profile: /var/folders/bc/lw3rjsjs5c9..., moz:shutdownTimeout: 60000, moz:useNonSpecCompliantPointerOrigin: false, moz:webdriverClick: true, moz:windowless: false, pageLoadStrategy: normal, platformName: mac, proxy: Proxy(), se:cdp: ws://127.0.0.1:15697/devtoo..., se:cdpVersion: 85.0, setWindowRect: true, strictFileInteractability: false, timeouts: {implicit: 0, pageLoad: 300000, script: 30000}, unhandledPromptBehavior: dismiss and notify}
Session ID: a81efc4b-0283-41f0-a652-f7de55ae7627
	at org.openqa.selenium.remote.codec.w3c.W3CHttpResponseCodec.createException(W3CHttpResponseCodec.java:200)
	at org.openqa.selenium.remote.codec.w3c.W3CHttpResponseCodec.decode(W3CHttpResponseCodec.java:133)
	at org.openqa.selenium.remote.codec.w3c.W3CHttpResponseCodec.decode(W3CHttpResponseCodec.java:53)
	at org.openqa.selenium.remote.HttpCommandExecutor.execute(HttpCommandExecutor.java:193)
	at org.openqa.selenium.remote.service.DriverCommandExecutor.invokeExecute(DriverCommandExecutor.java:183)
	at org.openqa.selenium.remote.service.DriverCommandExecutor.execute(DriverCommandExecutor.java:158)
	at org.openqa.selenium.remote.RemoteWebDriver.execute(RemoteWebDriver.java:543)
	at org.openqa.selenium.remote.ElementLocation$ElementFinder$2.findElement(ElementLocation.java:162)
	at org.openqa.selenium.remote.ElementLocation.findElement(ElementLocation.java:60)
	at org.openqa.selenium.remote.RemoteWebDriver.findElement(RemoteWebDriver.java:352)
	at org.openqa.selenium.remote.RemoteWebDriver.findElement(RemoteWebDriver.java:344)
	at pages.pixel_perfect.PixelPerfect.byElement(PixelPerfect.java:30)
	at tests.demoTradingPageTest.AllPageFirefoxTests.helpCrunchDemoPage(AllPageFirefoxTests.java:460)
	at java.base/java.util.ArrayList.forEach(ArrayList.java:1541)
	at com.intellij.rt.testng.IDEARemoteTestNG.run(IDEARemoteTestNG.java:66)
	at com.intellij.rt.testng.RemoteTestNGStarter.main(RemoteTestNGStarter.java:105)
... Removed 28 stack frames</div></td></tr></table><p class="totop"><a href="#summary">back to summary</a></p>
<h3 id="m7">tests.demoTradingPageTest.AllPageFirefoxTests#helpCrunchKnowledgeBaseDemoPage</h3><table class="result"><tr><th>Exception</th></tr><tr><td><div class="stacktrace">org.openqa.selenium.NoSuchElementException: Unable to locate element: (//div[@class=&apos;hcw-start-screen-compact__item&apos;])[4]
For documentation on this error, please visit: https://selenium.dev/exceptions/#no_such_element
Build info: version: &apos;4.9.1&apos;, revision: &apos;eb2032df7f&apos;
System info: os.name: &apos;Mac OS X&apos;, os.arch: &apos;aarch64&apos;, os.version: &apos;13.4&apos;, java.version: &apos;11.0.19&apos;
Driver info: org.openqa.selenium.firefox.FirefoxDriver
Command: [a81efc4b-0283-41f0-a652-f7de55ae7627, findElement {using=xpath, value=(//div[@class=&apos;hcw-start-screen-compact__item&apos;])[4]}]
Capabilities {acceptInsecureCerts: true, browserName: firefox, browserVersion: 113.0.2, moz:accessibilityChecks: false, moz:buildID: 20230522134052, moz:debuggerAddress: 127.0.0.1:15697, moz:geckodriverVersion: 0.33.0, moz:headless: false, moz:platformVersion: 22.5.0, moz:processID: 5663, moz:profile: /var/folders/bc/lw3rjsjs5c9..., moz:shutdownTimeout: 60000, moz:useNonSpecCompliantPointerOrigin: false, moz:webdriverClick: true, moz:windowless: false, pageLoadStrategy: normal, platformName: mac, proxy: Proxy(), se:cdp: ws://127.0.0.1:15697/devtoo..., se:cdpVersion: 85.0, setWindowRect: true, strictFileInteractability: false, timeouts: {implicit: 0, pageLoad: 300000, script: 30000}, unhandledPromptBehavior: dismiss and notify}
Session ID: a81efc4b-0283-41f0-a652-f7de55ae7627
	at org.openqa.selenium.remote.codec.w3c.W3CHttpResponseCodec.createException(W3CHttpResponseCodec.java:200)
	at org.openqa.selenium.remote.codec.w3c.W3CHttpResponseCodec.decode(W3CHttpResponseCodec.java:133)
	at org.openqa.selenium.remote.codec.w3c.W3CHttpResponseCodec.decode(W3CHttpResponseCodec.java:53)
	at org.openqa.selenium.remote.HttpCommandExecutor.execute(HttpCommandExecutor.java:193)
	at org.openqa.selenium.remote.service.DriverCommandExecutor.invokeExecute(DriverCommandExecutor.java:183)
	at org.openqa.selenium.remote.service.DriverCommandExecutor.execute(DriverCommandExecutor.java:158)
	at org.openqa.selenium.remote.RemoteWebDriver.execute(RemoteWebDriver.java:543)
	at org.openqa.selenium.remote.ElementLocation$ElementFinder$2.findElement(ElementLocation.java:162)
	at org.openqa.selenium.remote.ElementLocation.findElement(ElementLocation.java:60)
	at org.openqa.selenium.remote.RemoteWebDriver.findElement(RemoteWebDriver.java:352)
	at org.openqa.selenium.remote.RemoteWebDriver.findElement(RemoteWebDriver.java:344)
	at pages.base.Action.findElementByXpath(Action.java:30)
	at pages.base.Action.clickByXpath(Action.java:59)
	at tests.demoTradingPageTest.AllPageFirefoxTests.helpCrunchKnowledgeBaseDemoPage(AllPageFirefoxTests.java:560)
	at java.base/java.util.ArrayList.forEach(ArrayList.java:1541)
	at com.intellij.rt.testng.IDEARemoteTestNG.run(IDEARemoteTestNG.java:66)
	at com.intellij.rt.testng.RemoteTestNGStarter.main(RemoteTestNGStarter.java:105)
... Removed 28 stack frames</div></td></tr></table><p class="totop"><a href="#summary">back to summary</a></p>
<h3 id="m8">tests.demoTradingPageTest.AllPageFirefoxTests#helpCrunchStartConversationDemoPage</h3><table class="result"><tr><th>Exception</th></tr><tr><td><div class="stacktrace">org.openqa.selenium.NoSuchElementException: Unable to locate element: //div[@class=&apos;hcw-start-screen-compact__item&apos;]
For documentation on this error, please visit: https://selenium.dev/exceptions/#no_such_element
Build info: version: &apos;4.9.1&apos;, revision: &apos;eb2032df7f&apos;
System info: os.name: &apos;Mac OS X&apos;, os.arch: &apos;aarch64&apos;, os.version: &apos;13.4&apos;, java.version: &apos;11.0.19&apos;
Driver info: org.openqa.selenium.firefox.FirefoxDriver
Command: [a81efc4b-0283-41f0-a652-f7de55ae7627, findElement {using=xpath, value=//div[@class=&apos;hcw-start-screen-compact__item&apos;]}]
Capabilities {acceptInsecureCerts: true, browserName: firefox, browserVersion: 113.0.2, moz:accessibilityChecks: false, moz:buildID: 20230522134052, moz:debuggerAddress: 127.0.0.1:15697, moz:geckodriverVersion: 0.33.0, moz:headless: false, moz:platformVersion: 22.5.0, moz:processID: 5663, moz:profile: /var/folders/bc/lw3rjsjs5c9..., moz:shutdownTimeout: 60000, moz:useNonSpecCompliantPointerOrigin: false, moz:webdriverClick: true, moz:windowless: false, pageLoadStrategy: normal, platformName: mac, proxy: Proxy(), se:cdp: ws://127.0.0.1:15697/devtoo..., se:cdpVersion: 85.0, setWindowRect: true, strictFileInteractability: false, timeouts: {implicit: 0, pageLoad: 300000, script: 30000}, unhandledPromptBehavior: dismiss and notify}
Session ID: a81efc4b-0283-41f0-a652-f7de55ae7627
	at org.openqa.selenium.remote.codec.w3c.W3CHttpResponseCodec.createException(W3CHttpResponseCodec.java:200)
	at org.openqa.selenium.remote.codec.w3c.W3CHttpResponseCodec.decode(W3CHttpResponseCodec.java:133)
	at org.openqa.selenium.remote.codec.w3c.W3CHttpResponseCodec.decode(W3CHttpResponseCodec.java:53)
	at org.openqa.selenium.remote.HttpCommandExecutor.execute(HttpCommandExecutor.java:193)
	at org.openqa.selenium.remote.service.DriverCommandExecutor.invokeExecute(DriverCommandExecutor.java:183)
	at org.openqa.selenium.remote.service.DriverCommandExecutor.execute(DriverCommandExecutor.java:158)
	at org.openqa.selenium.remote.RemoteWebDriver.execute(RemoteWebDriver.java:543)
	at org.openqa.selenium.remote.ElementLocation$ElementFinder$2.findElement(ElementLocation.java:162)
	at org.openqa.selenium.remote.ElementLocation.findElement(ElementLocation.java:60)
	at org.openqa.selenium.remote.RemoteWebDriver.findElement(RemoteWebDriver.java:352)
	at org.openqa.selenium.remote.RemoteWebDriver.findElement(RemoteWebDriver.java:344)
	at pages.base.Action.findElementByXpath(Action.java:30)
	at pages.base.Action.clickByXpath(Action.java:59)
	at tests.demoTradingPageTest.AllPageFirefoxTests.helpCrunchStartConversationDemoPage(AllPageFirefoxTests.java:482)
	at java.base/java.util.ArrayList.forEach(ArrayList.java:1541)
	at com.intellij.rt.testng.IDEARemoteTestNG.run(IDEARemoteTestNG.java:66)
	at com.intellij.rt.testng.RemoteTestNGStarter.main(RemoteTestNGStarter.java:105)
... Removed 28 stack frames</div></td></tr></table><p class="totop"><a href="#summary">back to summary</a></p>
<h3 id="m9">tests.demoTradingPageTest.AllPageFirefoxTests#tradeNavDemoPage</h3><table class="result"><tr><th>Exception</th></tr><tr><td><div class="stacktrace">org.openqa.selenium.TimeoutException: Expected condition failed: waiting for visibility of [[FirefoxDriver: firefox on mac (a81efc4b-0283-41f0-a652-f7de55ae7627)] -&gt; xpath: //a[@data-test-id=&apos;header login&apos;]] (tried for 6 second(s) with 500 milliseconds interval)
Build info: version: &apos;4.9.1&apos;, revision: &apos;eb2032df7f&apos;
System info: os.name: &apos;Mac OS X&apos;, os.arch: &apos;aarch64&apos;, os.version: &apos;13.4&apos;, java.version: &apos;11.0.19&apos;
Driver info: org.openqa.selenium.firefox.FirefoxDriver
Capabilities {acceptInsecureCerts: true, browserName: firefox, browserVersion: 113.0.2, moz:accessibilityChecks: false, moz:buildID: 20230522134052, moz:debuggerAddress: 127.0.0.1:15697, moz:geckodriverVersion: 0.33.0, moz:headless: false, moz:platformVersion: 22.5.0, moz:processID: 5663, moz:profile: /var/folders/bc/lw3rjsjs5c9..., moz:shutdownTimeout: 60000, moz:useNonSpecCompliantPointerOrigin: false, moz:webdriverClick: true, moz:windowless: false, pageLoadStrategy: normal, platformName: mac, proxy: Proxy(), se:cdp: ws://127.0.0.1:15697/devtoo..., se:cdpVersion: 85.0, setWindowRect: true, strictFileInteractability: false, timeouts: {implicit: 0, pageLoad: 300000, script: 30000}, unhandledPromptBehavior: dismiss and notify}
Session ID: a81efc4b-0283-41f0-a652-f7de55ae7627
	at org.openqa.selenium.support.ui.WebDriverWait.timeoutException(WebDriverWait.java:87)
	at org.openqa.selenium.support.ui.FluentWait.until(FluentWait.java:231)
	at pages.base.Action.waitElementIsVisible(Action.java:41)
	at tests.demoTradingPageTest.AllPageFirefoxTests.tradeNavDemoPage(AllPageFirefoxTests.java:39)
	at java.base/java.util.ArrayList.forEach(ArrayList.java:1541)
	at com.intellij.rt.testng.IDEARemoteTestNG.run(IDEARemoteTestNG.java:66)
	at com.intellij.rt.testng.RemoteTestNGStarter.main(RemoteTestNGStarter.java:105)
... Removed 24 stack frames</div></td></tr></table><p class="totop"><a href="#summary">back to summary</a></p>
<h3 id="m10">tests.demoTradingPageTest.AllPageFirefoxTests#allFooterBottomDemoPage</h3><table class="result"><tr><th class="invisible"/></tr></table><p class="totop"><a href="#summary">back to summary</a></p>
<h3 id="m11">tests.demoTradingPageTest.AllPageFirefoxTests#allFooterDemoPage</h3><table class="result"><tr><th class="invisible"/></tr></table><p class="totop"><a href="#summary">back to summary</a></p>
<h3 id="m12">tests.demoTradingPageTest.AllPageFirefoxTests#allFooterTopDemoPage</h3><table class="result"><tr><th class="invisible"/></tr></table><p class="totop"><a href="#summary">back to summary</a></p>
<h3 id="m13">tests.demoTradingPageTest.AllPageFirefoxTests#allHeaderDemoPage</h3><table class="result"><tr><th class="invisible"/></tr></table><p class="totop"><a href="#summary">back to summary</a></p>
<h3 id="m14">tests.demoTradingPageTest.AllPageFirefoxTests#chatSendMessageDemoPage</h3><table class="result"><tr><th class="invisible"/></tr></table><p class="totop"><a href="#summary">back to summary</a></p>
<h3 id="m15">tests.demoTradingPageTest.AllPageFirefoxTests#companyNavDemoPage</h3><table class="result"><tr><th class="invisible"/></tr></table><p class="totop"><a href="#summary">back to summary</a></p>
<h3 id="m16">tests.demoTradingPageTest.AllPageFirefoxTests#demoContainerBottomDemoPage</h3><table class="result"><tr><th class="invisible"/></tr></table><p class="totop"><a href="#summary">back to summary</a></p>
<h3 id="m17">tests.demoTradingPageTest.AllPageFirefoxTests#demoContainerDemoPage</h3><table class="result"><tr><th class="invisible"/></tr></table><p class="totop"><a href="#summary">back to summary</a></p>
<h3 id="m18">tests.demoTradingPageTest.AllPageFirefoxTests#demoContainerTopDemoPage</h3><table class="result"><tr><th class="invisible"/></tr></table><p class="totop"><a href="#summary">back to summary</a></p>
<h3 id="m19">tests.demoTradingPageTest.AllPageFirefoxTests#demoTradeFaqDemoPage</h3><table class="result"><tr><th class="invisible"/></tr></table><p class="totop"><a href="#summary">back to summary</a></p>
<h3 id="m20">tests.demoTradingPageTest.AllPageFirefoxTests#demoTradeInfoBottomDemoPage</h3><table class="result"><tr><th class="invisible"/></tr></table><p class="totop"><a href="#summary">back to summary</a></p>
<h3 id="m21">tests.demoTradingPageTest.AllPageFirefoxTests#demoTradeInfoTopDemoPage</h3><table class="result"><tr><th class="invisible"/></tr></table><p class="totop"><a href="#summary">back to summary</a></p>
<h3 id="m22">tests.demoTradingPageTest.AllPageFirefoxTests#demoTradeMarketsTableFiltersDemoPage</h3><table class="result"><tr><th class="invisible"/></tr></table><p class="totop"><a href="#summary">back to summary</a></p>
<h3 id="m23">tests.demoTradingPageTest.AllPageFirefoxTests#demoTradeMarketsTitleDemoPage</h3><table class="result"><tr><th class="invisible"/></tr></table><p class="totop"><a href="#summary">back to summary</a></p>
<h3 id="m24">tests.demoTradingPageTest.AllPageFirefoxTests#getAppContainerDemoPage</h3><table class="result"><tr><th class="invisible"/></tr></table><p class="totop"><a href="#summary">back to summary</a></p>
<h3 id="m25">tests.demoTradingPageTest.AllPageFirefoxTests#productsNavDemoPage</h3><table class="result"><tr><th class="invisible"/></tr></table><p class="totop"><a href="#summary">back to summary</a></p>
<h3 id="m26">tests.demoTradingPageTest.AllPageFirefoxTests#profileNavDemoPage</h3><table class="result"><tr><th class="invisible"/></tr></table><p class="totop"><a href="#summary">back to summary</a></p>
</body>
</html>
