<?xml version="1.0" encoding="UTF-8"?>
<!-- Generated by org.testng.reporters.JUnitXMLReporter -->
<testsuite ignored="0" hostname="Mac.local" failures="4" tests="14" name="Dex-Trade - Pixel perfect regression" time="270.753" errors="0" timestamp="2023-05-26T15:16:22 EEST">
  <testcase classname="tests.marketsPageTests.AllPageChromeTests" name="allFooterMarketsPage" time="11.213"/>
  <testcase classname="tests.marketsPageTests.AllPageChromeTests" name="allHeaderMarketsPage" time="18.698"/>
  <testcase classname="tests.marketsPageTests.AllPageChromeTests" name="companyNavMarketsPage" time="20.16"/>
  <testcase classname="tests.marketsPageTests.AllPageChromeTests" name="filterListMarketsPage" time="20.005"/>
  <testcase classname="tests.marketsPageTests.AllPageChromeTests" name="langFooterMarketsPageDropDownPart1" time="20.54"/>
  <testcase classname="tests.marketsPageTests.AllPageChromeTests" name="langFooterMarketsPageDropDownPart2" time="19.868">
    <failure type="java.lang.AssertionError" message="*** Images are not similar *** expected [true] but found [false]">
      <![CDATA[java.lang.AssertionError: *** Images are not similar *** expected [true] but found [false]
at pages.pixel_perfect.PixelPerfect.byElement(PixelPerfect.java:107)
at tests.marketsPageTests.AllPageChromeTests.langFooterMarketsPageDropDownPart2(AllPageChromeTests.java:253)
at java.base/java.util.ArrayList.forEach(ArrayList.java:1541)
at com.intellij.rt.testng.IDEARemoteTestNG.run(IDEARemoteTestNG.java:66)
at com.intellij.rt.testng.RemoteTestNGStarter.main(RemoteTestNGStarter.java:105)
... Removed 27 stack frames]]>
    </failure>
  </testcase> <!-- langFooterMarketsPageDropDownPart2 -->
  <testcase classname="tests.marketsPageTests.AllPageChromeTests" name="marketNavMarketsPage" time="19.984"/>
  <testcase classname="tests.marketsPageTests.AllPageChromeTests" name="marketsFilterMarketsPage" time="20.061"/>
  <testcase classname="tests.marketsPageTests.AllPageChromeTests" name="marketsInfoContainerMarketsPage" time="20.44">
    <failure type="java.lang.AssertionError" message="*** Images are not similar *** expected [true] but found [false]">
      <![CDATA[java.lang.AssertionError: *** Images are not similar *** expected [true] but found [false]
at pages.pixel_perfect.PixelPerfect.byElement(PixelPerfect.java:107)
at tests.marketsPageTests.AllPageChromeTests.marketsInfoContainerMarketsPage(AllPageChromeTests.java:136)
at java.base/java.util.ArrayList.forEach(ArrayList.java:1541)
at com.intellij.rt.testng.IDEARemoteTestNG.run(IDEARemoteTestNG.java:66)
at com.intellij.rt.testng.RemoteTestNGStarter.main(RemoteTestNGStarter.java:105)
... Removed 27 stack frames]]>
    </failure>
  </testcase> <!-- marketsInfoContainerMarketsPage -->
  <testcase classname="tests.marketsPageTests.AllPageChromeTests" name="marketsTitleMarketsPage" time="20.593"/>
  <testcase classname="tests.marketsPageTests.AllPageChromeTests" name="productsNavMarketsPage" time="19.567"/>
  <testcase classname="tests.marketsPageTests.AllPageChromeTests" name="profileNavMarketsPage" time="25.419">
    <failure type="java.lang.AssertionError" message="*** Images are not similar *** expected [true] but found [false]">
      <![CDATA[java.lang.AssertionError: *** Images are not similar *** expected [true] but found [false]
at pages.pixel_perfect.PixelPerfect.byElement(PixelPerfect.java:107)
at tests.marketsPageTests.AllPageChromeTests.profileNavMarketsPage(AllPageChromeTests.java:107)
at java.base/java.util.ArrayList.forEach(ArrayList.java:1541)
at com.intellij.rt.testng.IDEARemoteTestNG.run(IDEARemoteTestNG.java:66)
at com.intellij.rt.testng.RemoteTestNGStarter.main(RemoteTestNGStarter.java:105)
... Removed 27 stack frames]]>
    </failure>
  </testcase> <!-- profileNavMarketsPage -->
  <testcase classname="tests.marketsPageTests.AllPageChromeTests" name="tableHeadMarketsPage" time="20.952"/>
  <testcase classname="tests.marketsPageTests.AllPageChromeTests" name="tradeNavMarketsPage" time="13.164">
    <failure type="org.openqa.selenium.TimeoutException" message="Expected condition failed: waiting for visibility of [[ChromeDriver: chrome on mac (029c81a34b86386007ead6d6754aaf40)] -&amp;gt; xpath: //a[@data-test-id=&amp;apos;header login&amp;apos;]] (tried for 6 second(s) with 500 milliseconds interval)
Build info: version: &amp;apos;4.9.1&amp;apos;, revision: &amp;apos;eb2032df7f&amp;apos;
System info: os.name: &amp;apos;Mac OS X&amp;apos;, os.arch: &amp;apos;aarch64&amp;apos;, os.version: &amp;apos;13.4&amp;apos;, java.version: &amp;apos;11.0.19&amp;apos;
Driver info: org.openqa.selenium.chrome.ChromeDriver
Capabilities {acceptInsecureCerts: false, browserName: chrome, browserVersion: 113.0.5672.126, chrome: {chromedriverVersion: 113.0.5672.63 (0e1a4471d5ae..., userDataDir: /var/folders/bc/lw3rjsjs5c9...}, goog:chromeOptions: {debuggerAddress: localhost:61606}, networkConnectionEnabled: false, pageLoadStrategy: normal, platformName: mac, proxy: Proxy(), se:cdp: ws://localhost:61606/devtoo..., se:cdpVersion: 113.0.5672.126, setWindowRect: true, strictFileInteractability: false, timeouts: {implicit: 0, pageLoad: 300000, script: 30000}, unhandledPromptBehavior: dismiss and notify, webauthn:extension:credBlob: true, webauthn:extension:largeBlob: true, webauthn:extension:minPinLength: true, webauthn:extension:prf: true, webauthn:virtualAuthenticators: true}
Session ID: 029c81a34b86386007ead6d6754aaf40">
      <![CDATA[org.openqa.selenium.TimeoutException: Expected condition failed: waiting for visibility of [[ChromeDriver: chrome on mac (029c81a34b86386007ead6d6754aaf40)] -> xpath: //a[@data-test-id='header login']] (tried for 6 second(s) with 500 milliseconds interval)
Build info: version: '4.9.1', revision: 'eb2032df7f'
System info: os.name: 'Mac OS X', os.arch: 'aarch64', os.version: '13.4', java.version: '11.0.19'
Driver info: org.openqa.selenium.chrome.ChromeDriver
Capabilities {acceptInsecureCerts: false, browserName: chrome, browserVersion: 113.0.5672.126, chrome: {chromedriverVersion: 113.0.5672.63 (0e1a4471d5ae..., userDataDir: /var/folders/bc/lw3rjsjs5c9...}, goog:chromeOptions: {debuggerAddress: localhost:61606}, networkConnectionEnabled: false, pageLoadStrategy: normal, platformName: mac, proxy: Proxy(), se:cdp: ws://localhost:61606/devtoo..., se:cdpVersion: 113.0.5672.126, setWindowRect: true, strictFileInteractability: false, timeouts: {implicit: 0, pageLoad: 300000, script: 30000}, unhandledPromptBehavior: dismiss and notify, webauthn:extension:credBlob: true, webauthn:extension:largeBlob: true, webauthn:extension:minPinLength: true, webauthn:extension:prf: true, webauthn:virtualAuthenticators: true}
Session ID: 029c81a34b86386007ead6d6754aaf40
at org.openqa.selenium.support.ui.WebDriverWait.timeoutException(WebDriverWait.java:87)
at org.openqa.selenium.support.ui.FluentWait.until(FluentWait.java:231)
at pages.base.Action.waitElementIsVisible(Action.java:41)
at tests.marketsPageTests.AllPageChromeTests.tradeNavMarketsPage(AllPageChromeTests.java:36)
at java.base/java.util.ArrayList.forEach(ArrayList.java:1541)
at com.intellij.rt.testng.IDEARemoteTestNG.run(IDEARemoteTestNG.java:66)
at com.intellij.rt.testng.RemoteTestNGStarter.main(RemoteTestNGStarter.java:105)
... Removed 24 stack frames]]>
    </failure>
  </testcase> <!-- tradeNavMarketsPage -->
</testsuite> <!-- Dex-Trade - Pixel perfect regression -->
